<?xml version="1.0" encoding="UTF-8"?>
<testsuite xmlns:xsi="http://www.w3.org/2001/XMLSchema-instance" xsi:noNamespaceSchemaLocation="https://maven.apache.org/surefire/maven-surefire-plugin/xsd/surefire-test-report.xsd" name="com.example.junitassertions.AssertionsTest" time="0" tests="1" errors="0" skipped="0" failures="0">
  <properties>
    <property name="java.specification.version" value="23"/>
    <property name="sun.cpu.isalist" value="amd64"/>
    <property name="sun.jnu.encoding" value="Cp1252"/>
    <property name="java.class.path" value="D:\Projects\Cognizant-Learning-Program-Solutions\2_JUnit, Mockito and SL4J\Exercise 3 - Assertions in JUnit\demo\target\test-classes;D:\Projects\Cognizant-Learning-Program-Solutions\2_JUnit, Mockito and SL4J\Exercise 3 - Assertions in JUnit\demo\target\classes;C:\Users\uspra\.m2\repository\junit\junit\4.11\junit-4.11.jar;C:\Users\uspra\.m2\repository\org\hamcrest\hamcrest-core\1.3\hamcrest-core-1.3.jar;"/>
    <property name="java.vm.vendor" value="Oracle Corporation"/>
    <property name="sun.arch.data.model" value="64"/>
    <property name="user.variant" value=""/>
    <property name="java.vendor.url" value="https://java.oracle.com/"/>
    <property name="user.timezone" value="Asia/Calcutta"/>
    <property name="os.name" value="Windows 11"/>
    <property name="java.vm.specification.version" value="23"/>
    <property name="sun.java.launcher" value="SUN_STANDARD"/>
    <property name="user.country" value="IN"/>
    <property name="sun.boot.library.path" value="C:\Program Files\Java\jdk-23\bin"/>
    <property name="sun.java.command" value="C:\Users\uspra\AppData\Local\Temp\surefire1215367695266369327\surefirebooter12345307825053182284.jar C:\Users\uspra\AppData\Local\Temp\surefire1215367695266369327 2025-06-29T14-40-52_298-jvmRun1 surefire9975509984269437021tmp surefire_06082508354631896199tmp"/>
    <property name="jdk.debug" value="release"/>
    <property name="surefire.test.class.path" value="D:\Projects\Cognizant-Learning-Program-Solutions\2_JUnit, Mockito and SL4J\Exercise 3 - Assertions in JUnit\demo\target\test-classes;D:\Projects\Cognizant-Learning-Program-Solutions\2_JUnit, Mockito and SL4J\Exercise 3 - Assertions in JUnit\demo\target\classes;C:\Users\uspra\.m2\repository\junit\junit\4.11\junit-4.11.jar;C:\Users\uspra\.m2\repository\org\hamcrest\hamcrest-core\1.3\hamcrest-core-1.3.jar;"/>
    <property name="sun.cpu.endian" value="little"/>
    <property name="user.home" value="C:\Users\uspra"/>
    <property name="user.language" value="en"/>
    <property name="java.specification.vendor" value="Oracle Corporation"/>
    <property name="java.version.date" value="2024-10-15"/>
    <property name="java.home" value="C:\Program Files\Java\jdk-23"/>
    <property name="file.separator" value="\"/>
    <property name="basedir" value="D:\Projects\Cognizant-Learning-Program-Solutions\2_JUnit, Mockito and SL4J\Exercise 3 - Assertions in JUnit\demo"/>
    <property name="java.vm.compressedOopsMode" value="32-bit"/>
    <property name="line.separator" value="&#10;"/>
    <property name="java.vm.specification.vendor" value="Oracle Corporation"/>
    <property name="java.specification.name" value="Java Platform API Specification"/>
    <property name="surefire.real.class.path" value="C:\Users\uspra\AppData\Local\Temp\surefire1215367695266369327\surefirebooter12345307825053182284.jar"/>
    <property name="user.script" value=""/>
    <property name="sun.management.compiler" value="HotSpot 64-Bit Tiered Compilers"/>
    <property name="java.runtime.version" value="23.0.1+11-39"/>
    <property name="user.name" value="uspra"/>
    <property name="stdout.encoding" value="Cp1252"/>
    <property name="path.separator" value=";"/>
    <property name="os.version" value="10.0"/>
    <property name="java.runtime.name" value="Java(TM) SE Runtime Environment"/>
    <property name="file.encoding" value="UTF-8"/>
    <property name="java.vm.name" value="Java HotSpot(TM) 64-Bit Server VM"/>
    <property name="localRepository" value="C:\Users\uspra\.m2\repository"/>
    <property name="java.vendor.url.bug" value="https://bugreport.java.com/bugreport/"/>
    <property name="java.io.tmpdir" value="C:\Users\uspra\AppData\Local\Temp\"/>
    <property name="java.version" value="23.0.1"/>
    <property name="user.dir" value="D:\Projects\Cognizant-Learning-Program-Solutions\2_JUnit, Mockito and SL4J\Exercise 3 - Assertions in JUnit\demo"/>
    <property name="os.arch" value="amd64"/>
    <property name="java.vm.specification.name" value="Java Virtual Machine Specification"/>
    <property name="sun.os.patch.level" value=""/>
    <property name="native.encoding" value="Cp1252"/>
    <property name="java.library.path" value="C:\Program Files\Java\jdk-23\bin;C:\windows\Sun\Java\bin;C:\windows\system32;C:\windows;C:\Program Files\Common Files\Oracle\Java\javapath;C:\windows\system32;C:\windows;C:\windows\System32\Wbem;C:\windows\System32\WindowsPowerShell\v1.0\;C:\windows\System32\OpenSSH\;C:\Program Files (x86)\NVIDIA Corporation\PhysX\Common;C:\Program Files\NVIDIA Corporation\NVIDIA NvDLISR;C:\Users\Administrator\AppData\Local\Microsoft\WindowsApps;C:\Program Files\HP\OMEN-Broadcast\Common;C:\Program Files\nodejs\;C:\Program Files\Git\cmd;C:\Program Files\Go\bin;C:\Users\uspra\Downloads\apache-maven-3.9.9-bin\apache-maven-3.9.9\bin;C:\Program Files\Docker\Docker\resources\bin;C:\Program Files\MySQL\MySQL Shell 8.0\bin\;C:\Users\uspra\.cargo\bin;C:\Users\uspra\AppData\Local\Programs\Python\Python312\Scripts\;C:\Users\uspra\AppData\Local\Programs\Python\Python312\;C:\Users\uspra\AppData\Local\Programs\Python\Launcher\;C:\Users\uspra\AppData\Local\Microsoft\WindowsApps;C:\Users\uspra\AppData\Local\Programs\Microsoft VS Code\bin;C:\Users\uspra\AppData\Roaming\npm;C:\flutter\bin;C:\Users\uspra\AppData\Local\Programs\Ollama;C:\Users\uspra\AppData\Local\GitHubDesktop\bin;C:\Users\uspra\go\bin;C:\Users\uspra\.lmstudio\bin;c:\Users\uspra\AppData\Roaming\Code\User\globalStorage\github.copilot-chat\debugCommand;."/>
    <property name="java.vm.info" value="mixed mode, sharing"/>
    <property name="stderr.encoding" value="Cp1252"/>
    <property name="java.vendor" value="Oracle Corporation"/>
    <property name="java.vm.version" value="23.0.1+11-39"/>
    <property name="sun.io.unicode.encoding" value="UnicodeLittle"/>
    <property name="java.class.version" value="67.0"/>
  </properties>
  <testcase name="testAssertions" classname="com.example.junitassertions.AssertionsTest" time="0"/>
</testsuite>